<?xml version="1.0" encoding="UTF-8"?>
<testsuite name="com.accenture.RetoBancolombiaScreenplayCucumber.runner.BancolombiaRunner" tests="0" skipped="0" failures="0" errors="0" timestamp="1970-01-01T00:00:00" hostname="CPX-6IKEC8NIMJY" time="0.0">
  <properties/>
  <system-out><![CDATA[
Failed scenarios:
src/test/resources/features/Bancolombia.feature:26 # Prueba a realizar - Validar lista desplegable del campo selecciona el producto

5 Scenarios (1 failed, 4 passed)
15 Steps (1 failed, 14 passed)
6m8.360s

java.lang.AssertionError: Unable to locate element{"method""xpath","selector""//select[@name='nmSelectAhorro']/option[text() ='Fiducuenta']"}(Session infochrome=71.0.3578.98)
For documentation on this error, please visit: https://www.seleniumhq.org/exceptions/no_such_element.html
Build info: version: '3.141.59', revision: 'e82be7d358', time: '2018-11-14T08:17:03'
System info: host: 'CPX-6IKEC8NIMJY', ip: '175.33.2.110', os.name: 'Windows 10', os.arch: 'amd64', os.version: '10.0', java.version: '1.8.0_192'
Driver info: org.openqa.selenium.remote.RemoteWebDriver
Capabilities {acceptInsecureCerts: false, acceptSslCerts: false, applicationCacheEnabled: false, browserConnectionEnabled: false, browserName: chrome, chrome: {chromedriverVersion: 2.43.600210 (68dcf5eebde371..., userDataDir: C:\Users\CAMILA~1.PER\AppDa...}, cssSelectorsEnabled: true, databaseEnabled: false, goog:chromeOptions: {debuggerAddress: localhost:53139}, handlesAlerts: true, hasTouchScreen: false, javascriptEnabled: true, locationContextEnabled: true, mobileEmulationEnabled: false, nativeEvents: true, networkConnectionEnabled: false, pageLoadStrategy: normal, platform: XP, platformName: XP, rotatable: false, setWindowRect: true, takesHeapSnapshot: true, takesScreenshot: true, unhandledPromptBehavior: , version: 71.0.3578.98, webStorageEnabled: true}
Session ID: 744e9e65c93cbafd34cbd89e1ff7b66d
*** Element info: {Using=xpath, value=//select[@name='nmSelectAhorro']/option[text() ='Fiducuenta']}
Unable to locate element{"method""xpath","selector""//select[@name='nmSelectAhorro']/option[text() ='Cuenta Ahorrador']"}(Session infochrome=71.0.3578.98)
For documentation on this error, please visit: https://www.seleniumhq.org/exceptions/no_such_element.html
Build info: version: '3.141.59', revision: 'e82be7d358', time: '2018-11-14T08:17:03'
System info: host: 'CPX-6IKEC8NIMJY', ip: '175.33.2.110', os.name: 'Windows 10', os.arch: 'amd64', os.version: '10.0', java.version: '1.8.0_192'
Driver info: org.openqa.selenium.remote.RemoteWebDriver
Capabilities {acceptInsecureCerts: false, acceptSslCerts: false, applicationCacheEnabled: false, browserConnectionEnabled: false, browserName: chrome, chrome: {chromedriverVersion: 2.43.600210 (68dcf5eebde371..., userDataDir: C:\Users\CAMILA~1.PER\AppDa...}, cssSelectorsEnabled: true, databaseEnabled: false, goog:chromeOptions: {debuggerAddress: localhost:53139}, handlesAlerts: true, hasTouchScreen: false, javascriptEnabled: true, locationContextEnabled: true, mobileEmulationEnabled: false, nativeEvents: true, networkConnectionEnabled: false, pageLoadStrategy: normal, platform: XP, platformName: XP, rotatable: false, setWindowRect: true, takesHeapSnapshot: true, takesScreenshot: true, unhandledPromptBehavior: , version: 71.0.3578.98, webStorageEnabled: true}
Session ID: 744e9e65c93cbafd34cbd89e1ff7b66d
*** Element info: {Using=xpath, value=//select[@name='nmSelectAhorro']/option[text() ='Cuenta Ahorrador']}

Expected: a value equal to <3>
     but: <1> was less than <3>
	at net.serenitybdd.screenplay.ErrorTally.throwSummaryExceptionFrom(ErrorTally.java:36)
	at net.serenitybdd.screenplay.ErrorTally.reportAnyErrors(ErrorTally.java:30)
	at net.serenitybdd.screenplay.Actor.should(Actor.java:274)
	at com.accenture.RetoBancolombiaScreenplayCucumber.stepDefinitions.BancolombiaStepDefinitions.elegirUnElementoDesdeElArchivoExcel(BancolombiaStepDefinitions.java:131)
	at ?.elegir un elemento desde el archivo excel(src/test/resources/features/Bancolombia.feature:28)

]]></system-out>
  <system-err><![CDATA[[Test worker] INFO net.thucydides.core.steps.ConsoleLoggingListener - 

-------------------------------------------------------------------------------------
     _______. _______ .______       _______ .__   __.  __  .___________.____    ____ 
    /       ||   ____||   _  \     |   ____||  \ |  | |  | |           |\   \  /   / 
   |   (----`|  |__   |  |_)  |    |  |__   |   \|  | |  | `---|  |----` \   \/   /  
    \   \    |   __|  |      /     |   __|  |  . `  | |  |     |  |       \_    _/   
.----)   |   |  |____ |  |\  \----.|  |____ |  |\   | |  |     |  |         |  |     
|_______/    |_______|| _| `._____||_______||__| \__| |__|     |__|         |__|    
                                                                                     
 News and tutorials at http://www.serenity-bdd.info                                  
 Documentation at https://wakaleo.gitbooks.io/the-serenity-book/content/             
 Join the Serenity Community on Rocket Chat at https://serenity-bdd.rocket.chat      
 Serenity BDD Support and Training at http://serenity-bdd.info/#/trainingandsupport  
 Learn Serenity BDD online at http://serenity-dojo.com                               
-------------------------------------------------------------------------------------

[Test worker] INFO net.thucydides.core.steps.ConsoleLoggingListener - Test Suite Started: Simulador de ahorro e inversion
[Test worker] INFO net.thucydides.core.steps.ConsoleLoggingListener - 
 _____ _____ ____ _____   ____ _____  _    ____ _____ _____ ____  
|_   _| ____/ ___|_   _| / ___|_   _|/ \  |  _ \_   _| ____|  _ \ 
  | | |  _| \___ \ | |   \___ \ | | / _ \ | |_) || | |  _| | | | |
  | | | |___ ___) || |    ___) || |/ ___ \|  _ < | | | |___| |_| |
  |_| |_____|____/ |_|   |____/ |_/_/   \_\_| \_\|_| |_____|____/ 
                                                                  

TEST STARTED: Prueba a realizar - Validar que los campos son obligatorios
-------------------------------------------------------------------(simulador-de-ahorro-e-inversion;prueba-a-realizar---validar-que-los-campos-son-obligatorios)
[Test worker] INFO net.thucydides.core.steps.ConsoleLoggingListener - 
 _____ _____ ____ _____   ____ _____  _    ____ _____ _____ ____  
|_   _| ____/ ___|_   _| / ___|_   _|/ \  |  _ \_   _| ____|  _ \ 
  | | |  _| \___ \ | |   \___ \ | | / _ \ | |_) || | |  _| | | | |
  | | | |___ ___) || |    ___) || |/ ___ \|  _ < | | | |___| |_| |
  |_| |_____|____/ |_|   |____/ |_/_/   \_\_| \_\|_| |_____|____/ 
                                                                  

TEST STARTED: Prueba a realizar - Validar lista desplegable del campo para que quieres ahorrar
-------------------------------------------------------------------(simulador-de-ahorro-e-inversion;prueba-a-realizar---validar-lista-desplegable-del-campo-para-que-quieres-ahorrar)
[Test worker] INFO net.thucydides.core.steps.ConsoleLoggingListener - 
 _____ _____ ____ _____   ____ _____  _    ____ _____ _____ ____  
|_   _| ____/ ___|_   _| / ___|_   _|/ \  |  _ \_   _| ____|  _ \ 
  | | |  _| \___ \ | |   \___ \ | | / _ \ | |_) || | |  _| | | | |
  | | | |___ ___) || |    ___) || |/ ___ \|  _ < | | | |___| |_| |
  |_| |_____|____/ |_|   |____/ |_/_/   \_\_| \_\|_| |_____|____/ 
                                                                  

TEST STARTED: Prueba a realizar - Llenar el campo cuantos meses te faltan para alcanzar tu meta
-------------------------------------------------------------------(simulador-de-ahorro-e-inversion;prueba-a-realizar---llenar-el-campo-cuantos-meses-te-faltan-para-alcanzar-tu-meta)
[Test worker] INFO net.thucydides.core.steps.ConsoleLoggingListener - 
 _____ _____ ____ _____   ____ _____  _    ____ _____ _____ ____  
|_   _| ____/ ___|_   _| / ___|_   _|/ \  |  _ \_   _| ____|  _ \ 
  | | |  _| \___ \ | |   \___ \ | | / _ \ | |_) || | |  _| | | | |
  | | | |___ ___) || |    ___) || |/ ___ \|  _ < | | | |___| |_| |
  |_| |_____|____/ |_|   |____/ |_/_/   \_\_| \_\|_| |_____|____/ 
                                                                  

TEST STARTED: Prueba a realizar - Validar lista desplegable del campo selecciona el producto
-------------------------------------------------------------------(simulador-de-ahorro-e-inversion;prueba-a-realizar---validar-lista-desplegable-del-campo-selecciona-el-producto)
[Test worker] INFO net.thucydides.core.steps.ConsoleLoggingListener - 
 _____ _____ ____ _____   ____ _____  _    ____ _____ _____ ____  
|_   _| ____/ ___|_   _| / ___|_   _|/ \  |  _ \_   _| ____|  _ \ 
  | | |  _| \___ \ | |   \___ \ | | / _ \ | |_) || | |  _| | | | |
  | | | |___ ___) || |    ___) || |/ ___ \|  _ < | | | |___| |_| |
  |_| |_____|____/ |_|   |____/ |_/_/   \_\_| \_\|_| |_____|____/ 
                                                                  

TEST STARTED: Prueba a realizar - llenar campo cuanto dinero te falta para lograr tu meta y enviar formulario
-------------------------------------------------------------------(simulador-de-ahorro-e-inversion;prueba-a-realizar---llenar-campo-cuanto-dinero-te-falta-para-lograr-tu-meta-y-enviar-formulario)
[pool-2-thread-4] INFO net.thucydides.core.requirements.PackageRequirementsTagProvider - Loading requirements from package requirements at: com.accenture.RetoBancolombiaScreenplay.features
[pool-2-thread-3] INFO net.thucydides.core.requirements.PackageRequirementsTagProvider - Loading requirements from package requirements at: com.accenture.RetoBancolombiaScreenplay.features
[pool-2-thread-2] INFO net.thucydides.core.requirements.PackageRequirementsTagProvider - Loading requirements from package requirements at: com.accenture.RetoBancolombiaScreenplay.features
[pool-2-thread-1] INFO net.thucydides.core.requirements.PackageRequirementsTagProvider - Loading requirements from package requirements at: com.accenture.RetoBancolombiaScreenplay.features
]]></system-err>
</testsuite>
